\BOOKMARK [1][-]{section.1}{\376\377\000P\000a\000r\000t\000\040\000A\000\040}{}% 1
\BOOKMARK [2][-]{subsection.1.1}{\376\377\000I\000n\000t\000r\000o\000d\000u\000c\000t\000i\000o\000n\000\040\000a\000n\000d\000\040\000t\000h\000e\000o\000r\000e\000t\000i\000c\000a\000l\000\040\000b\000a\000c\000k\000g\000r\000o\000u\000n\000d}{section.1}% 2
\BOOKMARK [3][-]{subsubsection.1.1.1}{\376\377\000e\000x\000p\000e\000r\000i\000m\000e\000n\000t\000\040\000g\000o\000a\000l\000s}{subsection.1.1}% 3
\BOOKMARK [3][-]{subsubsection.1.1.2}{\376\377\000t\000h\000e\000o\000r\000y}{subsection.1.1}% 4
\BOOKMARK [2][-]{subsection.1.2}{\376\377\000M\000a\000t\000e\000r\000i\000a\000l\000s\000\040\000a\000n\000d\000\040\000M\000e\000t\000h\000o\000d\000o\000l\000o\000g\000y}{section.1}% 5
\BOOKMARK [3][-]{subsubsection.1.2.1}{\376\377\000e\000q\000u\000i\000p\000m\000e\000n\000t}{subsection.1.2}% 6
\BOOKMARK [3][-]{subsubsection.1.2.2}{\376\377\000i\000n\000s\000t\000r\000u\000c\000t\000i\000o\000n\000s}{subsection.1.2}% 7
\BOOKMARK [2][-]{subsection.1.3}{\376\377\000d\000a\000t\000a\000\040\000a\000n\000a\000l\000y\000s\000i\000s\000\040\000p\000r\000o\000c\000e\000s\000s}{section.1}% 8
\BOOKMARK [2][-]{subsection.1.4}{\376\377\000R\000e\000s\000u\000l\000t\000s}{section.1}% 9
\BOOKMARK [1][-]{section.2}{\376\377\000P\000a\000r\000t\000\040\000B}{}% 10
\BOOKMARK [2][-]{subsection.2.1}{\376\377\000I\000n\000t\000r\000o\000d\000u\000c\000t\000i\000o\000n\000\040\000a\000n\000d\000\040\000t\000h\000e\000o\000r\000e\000t\000i\000c\000a\000l\000\040\000b\000a\000c\000k\000g\000r\000o\000u\000n\000d}{section.2}% 11
\BOOKMARK [3][-]{subsubsection.2.1.1}{\376\377\000e\000x\000p\000e\000r\000i\000m\000e\000n\000t\000\040\000g\000o\000a\000l\000s}{subsection.2.1}% 12
\BOOKMARK [3][-]{subsubsection.2.1.2}{\376\377\000t\000h\000e\000o\000r\000y}{subsection.2.1}% 13
\BOOKMARK [2][-]{subsection.2.2}{\376\377\000e\000q\000u\000i\000p\000m\000e\000n\000t\000\040\000a\000n\000d\000\040\000M\000e\000t\000h\000o\000d\000o\000l\000o\000g\000y}{section.2}% 14
\BOOKMARK [3][-]{subsubsection.2.2.1}{\376\377\000E\000q\000u\000i\000p\000m\000e\000n\000t}{subsection.2.2}% 15
\BOOKMARK [3][-]{subsubsection.2.2.2}{\376\377\000i\000n\000s\000t\000r\000u\000c\000t\000i\000o\000n\000s}{subsection.2.2}% 16
\BOOKMARK [2][-]{subsection.2.3}{\376\377\000d\000a\000t\000a\000\040\000a\000n\000a\000l\000y\000s\000i\000s\000\040\000p\000r\000o\000c\000e\000s\000s}{section.2}% 17
\BOOKMARK [2][-]{subsection.2.4}{\376\377\000R\000e\000s\000u\000l\000t\000s}{section.2}% 18
\BOOKMARK [1][-]{section.3}{\376\377\000D\000i\000s\000c\000u\000s\000s\000i\000o\000n}{}% 19
\BOOKMARK [2][-]{subsection.3.1}{\376\377\000P\000a\000r\000t\000\040\000A}{section.3}% 20
\BOOKMARK [2][-]{subsection.3.2}{\376\377\000P\000a\000r\000t\000\040\000B}{section.3}% 21
\BOOKMARK [1][-]{appendix.A}{\376\377\000F\000i\000g\000u\000r\000e\000s\000\040\000A\000p\000p\000e\000n\000d\000i\000x}{}% 22
\BOOKMARK [1][-]{appendix.B}{\376\377\000T\000a\000b\000l\000e\000s\000\040\000A\000p\000p\000e\000n\000d\000i\000x}{}% 23
